<?xml version="1.0" encoding="UTF-8"?>
<!-- Generated by org.testng.reporters.JUnitReportReporter -->
<testsuite hostname="LAPTOP-49O6A011" failures="0" tests="1" name="zoopla.uk.myrunner.MyRunner" time="22.970" errors="0" timestamp="05 Sep 2022 00:21:56 GMT" skipped="0">
  <testcase classname="zoopla.uk.myrunner.MyRunner" name="runScenario" time="22.970"/>
</testsuite> <!-- zoopla.uk.myrunner.MyRunner -->
