<?xml version="1.0" encoding="UTF-8"?>
<!-- Generated by org.testng.reporters.JUnitReportReporter -->
<testsuite hostname="LAPTOP-49O6A011" failures="0" tests="4" name="com.uk.TestNG.TestNGCount" time="0.101" errors="0" timestamp="29 Aug 2022 06:19:12 GMT" skipped="0">
  <testcase classname="com.uk.TestNG.TestNGCount" name="MyNumber" time="0.053"/>
  <testcase classname="com.uk.TestNG.TestNGCount" name="MyNumber" time="0.007"/>
  <testcase classname="com.uk.TestNG.TestNGCount" name="MyNumber" time="0.030"/>
  <testcase classname="com.uk.TestNG.TestNGCount" name="MyNumber" time="0.011"/>
</testsuite> <!-- com.uk.TestNG.TestNGCount -->
