<?xml version="1.0" encoding="UTF-8"?>
<!-- Generated by org.testng.reporters.JUnitReportReporter -->
<testsuite hostname="LAPTOP-49O6A011" failures="0" tests="1" name="com.uk.TestNG.BasicAnnotations" time="0.017" errors="0" timestamp="29 Aug 2022 06:14:39 GMT" skipped="0">
  <testcase classname="com.uk.TestNG.BasicAnnotations" name="testCase1" time="0.017"/>
</testsuite> <!-- com.uk.TestNG.BasicAnnotations -->
