<?xml version="1.0" encoding="UTF-8"?>
<!-- Generated by org.testng.reporters.JUnitReportReporter -->
<testsuite hostname="LAPTOP-49O6A011" failures="0" tests="3" name="com.uk.TestNG.PendingtestNG" time="0.050" errors="0" timestamp="29 Aug 2022 06:17:23 GMT" skipped="0">
  <testcase classname="com.uk.TestNG.PendingtestNG" name="CarPrice" time="0.010"/>
  <testcase classname="com.uk.TestNG.PendingtestNG" name="RimSize" time="0.005"/>
  <testcase classname="com.uk.TestNG.PendingtestNG" name="CarColor" time="0.035"/>
</testsuite> <!-- com.uk.TestNG.PendingtestNG -->
